<?xml version="1.0" encoding="UTF-8"?>
<!-- Generated by org.testng.reporters.JUnitReportReporter -->
<testsuite skipped="0" hostname="LAPTOP-I2BQG333" name="com.sam.Parasuite" tests="2" failures="0" timestamp="27 May 2022 08:21:56 GMT" time="0.616" errors="0">
  <testcase name="test1" time="0.136" classname="com.sam.Parasuite"/>
  <testcase name="test" time="0.480" classname="com.sam.Parasuite"/>
</testsuite> <!-- com.sam.Parasuite -->
