<?xml version="1.0" encoding="UTF-8"?>
<!-- Generated by org.testng.reporters.JUnitReportReporter -->
<testsuite skipped="1" hostname="LAPTOP-I2BQG333" name="com.sam.SampleTestng" tests="6" failures="0" timestamp="24 May 2022 06:06:55 GMT" time="0.016" errors="0">
  <testcase name="test1" time="0.000" classname="com.sam.SampleTestng"/>
  <testcase name="test2" time="0.000" classname="com.sam.SampleTestng"/>
  <testcase name="test3" time="0.000" classname="com.sam.SampleTestng"/>
  <testcase name="test" time="0.000" classname="com.sam.SampleTestng"/>
  <testcase name="test2" time="0.016" classname="com.sam.SampleTestng"/>
  <testcase name="test4" classname="com.sam.SampleTestng">
    <skipped/>
  </testcase> <!-- test4 -->
</testsuite> <!-- com.sam.SampleTestng -->
